Start testing: Mar 04 11:30 Hora estándar romance
----------------------------------------------------------
1/4 Testing: test_entry
1/4 Test: test_entry
Command: "C:/Users/aurel/Desktop/C++/proyecto/custom-minidb/build/test_entry.exe"
Directory: C:/Users/aurel/Desktop/C++/proyecto/custom-minidb/build
"test_entry" start time: Mar 04 11:30 Hora estándar romance
Output:
----------------------------------------------------------
===============================================================================
All tests passed (9 assertions in 4 test cases)

<end of output>
Test time =   0.43 sec
----------------------------------------------------------
Test Passed.
"test_entry" end time: Mar 04 11:30 Hora estándar romance
"test_entry" time elapsed: 00:00:00
----------------------------------------------------------

2/4 Testing: test_pager
2/4 Test: test_pager
Command: "C:/Users/aurel/Desktop/C++/proyecto/custom-minidb/build/test_pager.exe"
Directory: C:/Users/aurel/Desktop/C++/proyecto/custom-minidb/build
"test_pager" start time: Mar 04 11:30 Hora estándar romance
Output:
----------------------------------------------------------
===============================================================================
All tests passed (5 assertions in 3 test cases)

<end of output>
Test time =   0.45 sec
----------------------------------------------------------
Test Passed.
"test_pager" end time: Mar 04 11:30 Hora estándar romance
"test_pager" time elapsed: 00:00:00
----------------------------------------------------------

3/4 Testing: test_buffer
3/4 Test: test_buffer
Command: "C:/Users/aurel/Desktop/C++/proyecto/custom-minidb/build/test_buffer.exe"
Directory: C:/Users/aurel/Desktop/C++/proyecto/custom-minidb/build
"test_buffer" start time: Mar 04 11:30 Hora estándar romance
Output:
----------------------------------------------------------
===============================================================================
All tests passed (24 assertions in 4 test cases)

<end of output>
Test time =   2.55 sec
----------------------------------------------------------
Test Passed.
"test_buffer" end time: Mar 04 11:30 Hora estándar romance
"test_buffer" time elapsed: 00:00:02
----------------------------------------------------------

4/4 Testing: test_database
4/4 Test: test_database
Command: "C:/Users/aurel/Desktop/C++/proyecto/custom-minidb/build/test_database.exe"
Directory: C:/Users/aurel/Desktop/C++/proyecto/custom-minidb/build
"test_database" start time: Mar 04 11:30 Hora estándar romance
Output:
----------------------------------------------------------
===============================================================================
All tests passed (7 assertions in 4 test cases)

<end of output>
Test time =   0.51 sec
----------------------------------------------------------
Test Passed.
"test_database" end time: Mar 04 11:30 Hora estándar romance
"test_database" time elapsed: 00:00:00
----------------------------------------------------------

End testing: Mar 04 11:30 Hora estándar romance
